# JRE version: Java(TM) SE Runtime Environment (8.0_144-b01) (build 1.8.0_144-b01)
# Java VM: Java HotSpot(TM) 64-Bit Server VM (25.144-b01 mixed mode bsd-amd64 compressed oops)
Heap:
 PSYoungGen      total 53760K, used 28086K [0x0000000795580000, 0x0000000798f80000, 0x00000007c0000000)
  eden space 48640K, 47% used [0x0000000795580000,0x0000000796bf39d8,0x0000000798500000)
  from space 5120K, 99% used [0x0000000798a80000,0x0000000798f7a070,0x0000000798f80000)
  to   space 5120K, 0% used [0x0000000798580000,0x0000000798580000,0x0000000798a80000)
 ParOldGen       total 70144K, used 27921K [0x0000000740000000, 0x0000000744480000, 0x0000000795580000)
  object space 70144K, 39% used [0x0000000740000000,0x0000000741b445c0,0x0000000744480000)
 Metaspace       used 31817K, capacity 33884K, committed 33920K, reserved 1079296K
  class space    used 4373K, capacity 4713K, committed 4736K, reserved 1048576K
GC Heap History (10 events):
Event: 2.408 GC heap before
{Heap before GC invocations=1 (full 0):
 PSYoungGen      total 38400K, used 33280K [0x0000000795580000, 0x0000000798000000, 0x00000007c0000000)
  eden space 33280K, 100% used [0x0000000795580000,0x0000000797600000,0x0000000797600000)
  from space 5120K, 0% used [0x0000000797b00000,0x0000000797b00000,0x0000000798000000)
  to   space 5120K, 0% used [0x0000000797600000,0x0000000797600000,0x0000000797b00000)
 ParOldGen       total 87552K, used 0K [0x0000000740000000, 0x0000000745580000, 0x0000000795580000)
  object space 87552K, 0% used [0x0000000740000000,0x0000000740000000,0x0000000745580000)
 Metaspace       used 18596K, capacity 19300K, committed 19456K, reserved 1067008K
  class space    used 2609K, capacity 2782K, committed 2816K, reserved 1048576K
Event: 2.419 GC heap after
Heap after GC invocations=1 (full 0):
 PSYoungGen      total 38400K, used 5112K [0x0000000795580000, 0x0000000798000000, 0x00000007c0000000)
  eden space 33280K, 0% used [0x0000000795580000,0x0000000795580000,0x0000000797600000)
  from space 5120K, 99% used [0x0000000797600000,0x0000000797afe0c0,0x0000000797b00000)
  to   space 5120K, 0% used [0x0000000797b00000,0x0000000797b00000,0x0000000798000000)
 ParOldGen       total 87552K, used 144K [0x0000000740000000, 0x0000000745580000, 0x0000000795580000)
  object space 87552K, 0% used [0x0000000740000000,0x0000000740024010,0x0000000745580000)
 Metaspace       used 18596K, capacity 19300K, committed 19456K, reserved 1067008K
  class space    used 2609K, capacity 2782K, committed 2816K, reserved 1048576K
}
Event: 2.825 GC heap before
{Heap before GC invocations=2 (full 0):
 PSYoungGen      total 38400K, used 31312K [0x0000000795580000, 0x0000000798000000, 0x00000007c0000000)
  eden space 33280K, 78% used [0x0000000795580000,0x0000000796f160c0,0x0000000797600000)
  from space 5120K, 99% used [0x0000000797600000,0x0000000797afe0c0,0x0000000797b00000)
  to   space 5120K, 0% used [0x0000000797b00000,0x0000000797b00000,0x0000000798000000)
 ParOldGen       total 87552K, used 144K [0x0000000740000000, 0x0000000745580000, 0x0000000795580000)
  object space 87552K, 0% used [0x0000000740000000,0x0000000740024010,0x0000000745580000)
 Metaspace       used 20150K, capacity 21176K, committed 21248K, reserved 1067008K
  class space    used 2838K, capacity 3060K, committed 3072K, reserved 1048576K
Event: 2.836 GC heap after
Heap after GC invocations=2 (full 0):
 PSYoungGen      total 38400K, used 5113K [0x0000000795580000, 0x000000079a080000, 0x00000007c0000000)
  eden space 33280K, 0% used [0x0000000795580000,0x0000000795580000,0x0000000797600000)
  from space 5120K, 99% used [0x0000000797b00000,0x0000000797ffe788,0x0000000798000000)
  to   space 5120K, 0% used [0x0000000797600000,0x0000000797600000,0x0000000797b00000)
 ParOldGen       total 87552K, used 8705K [0x0000000740000000, 0x0000000745580000, 0x0000000795580000)
  object space 87552K, 9% used [0x0000000740000000,0x0000000740880508,0x0000000745580000)
 Metaspace       used 20150K, capacity 21176K, committed 21248K, reserved 1067008K
  class space    used 2838K, capacity 3060K, committed 3072K, reserved 1048576K
}
Event: 2.836 GC heap before
{Heap before GC invocations=3 (full 1):
 PSYoungGen      total 38400K, used 5113K [0x0000000795580000, 0x000000079a080000, 0x00000007c0000000)
  eden space 33280K, 0% used [0x0000000795580000,0x0000000795580000,0x0000000797600000)
  from space 5120K, 99% used [0x0000000797b00000,0x0000000797ffe788,0x0000000798000000)
  to   space 5120K, 0% used [0x0000000797600000,0x0000000797600000,0x0000000797b00000)
 ParOldGen       total 87552K, used 8705K [0x0000000740000000, 0x0000000745580000, 0x0000000795580000)
  object space 87552K, 9% used [0x0000000740000000,0x0000000740880508,0x0000000745580000)
 Metaspace       used 20150K, capacity 21176K, committed 21248K, reserved 1067008K
  class space    used 2838K, capacity 3060K, committed 3072K, reserved 1048576K
Event: 2.872 GC heap after
Heap after GC invocations=3 (full 1):
 PSYoungGen      total 38400K, used 0K [0x0000000795580000, 0x000000079a080000, 0x00000007c0000000)
  eden space 33280K, 0% used [0x0000000795580000,0x0000000795580000,0x0000000797600000)
  from space 5120K, 0% used [0x0000000797b00000,0x0000000797b00000,0x0000000798000000)
  to   space 5120K, 0% used [0x0000000797600000,0x0000000797600000,0x0000000797b00000)
 ParOldGen       total 70144K, used 9898K [0x0000000740000000, 0x0000000744480000, 0x0000000795580000)
  object space 70144K, 14% used [0x0000000740000000,0x00000007409aa8b8,0x0000000744480000)
 Metaspace       used 20150K, capacity 21176K, committed 21248K, reserved 1067008K
  class space    used 2838K, capacity 3060K, committed 3072K, reserved 1048576K
}
Event: 5.691 GC heap before
{Heap before GC invocations=4 (full 1):
 PSYoungGen      total 38400K, used 33280K [0x0000000795580000, 0x000000079a080000, 0x00000007c0000000)
  eden space 33280K, 100% used [0x0000000795580000,0x0000000797600000,0x0000000797600000)
  from space 5120K, 0% used [0x0000000797b00000,0x0000000797b00000,0x0000000798000000)
  to   space 5120K, 0% used [0x0000000797600000,0x0000000797600000,0x0000000797b00000)
 ParOldGen       total 70144K, used 9898K [0x0000000740000000, 0x0000000744480000, 0x0000000795580000)
  object space 70144K, 14% used [0x0000000740000000,0x00000007409aa8b8,0x0000000744480000)
 Metaspace       used 24084K, capacity 25886K, committed 26112K, reserved 1071104K
  class space    used 3514K, capacity 3835K, committed 3840K, reserved 1048576K
Event: 5.703 GC heap after
Heap after GC invocations=4 (full 1):
 PSYoungGen      total 38400K, used 5106K [0x0000000795580000, 0x0000000798f80000, 0x00000007c0000000)
  eden space 33280K, 0% used [0x0000000795580000,0x0000000795580000,0x0000000797600000)
  from space 5120K, 99% used [0x0000000797600000,0x0000000797afca80,0x0000000797b00000)
  to   space 5120K, 0% used [0x0000000798a80000,0x0000000798a80000,0x0000000798f80000)
 ParOldGen       total 70144K, used 19234K [0x0000000740000000, 0x0000000744480000, 0x0000000795580000)
  object space 70144K, 27% used [0x0000000740000000,0x00000007412c88f8,0x0000000744480000)
 Metaspace       used 24084K, capacity 25886K, committed 26112K, reserved 1071104K
  class space    used 3514K, capacity 3835K, committed 3840K, reserved 1048576K
}
Event: 8.307 GC heap before
{Heap before GC invocations=5 (full 1):
 PSYoungGen      total 38400K, used 38386K [0x0000000795580000, 0x0000000798f80000, 0x00000007c0000000)
  eden space 33280K, 100% used [0x0000000795580000,0x0000000797600000,0x0000000797600000)
  from space 5120K, 99% used [0x0000000797600000,0x0000000797afca80,0x0000000797b00000)
  to   space 5120K, 0% used [0x0000000798a80000,0x0000000798a80000,0x0000000798f80000)
 ParOldGen       total 70144K, used 19234K [0x0000000740000000, 0x0000000744480000, 0x0000000795580000)
  object space 70144K, 27% used [0x0000000740000000,0x00000007412c88f8,0x0000000744480000)
 Metaspace       used 27016K, capacity 28966K, committed 29312K, reserved 1075200K
  class space    used 3812K, capacity 4152K, committed 4224K, reserved 1048576K
Event: 8.330 GC heap after
Heap after GC invocations=5 (full 1):
 PSYoungGen      total 53760K, used 5096K [0x0000000795580000, 0x0000000798f80000, 0x00000007c0000000)
  eden space 48640K, 0% used [0x0000000795580000,0x0000000795580000,0x0000000798500000)
  from space 5120K, 99% used [0x0000000798a80000,0x0000000798f7a070,0x0000000798f80000)
  to   space 5120K, 0% used [0x0000000798580000,0x0000000798580000,0x0000000798a80000)
 ParOldGen       total 70144K, used 27921K [0x0000000740000000, 0x0000000744480000, 0x0000000795580000)
  object space 70144K, 39% used [0x0000000740000000,0x0000000741b445c0,0x0000000744480000)
 Metaspace       used 27016K, capacity 28966K, committed 29312K, reserved 1075200K
  class space    used 3812K, capacity 4152K, committed 4224K, reserved 1048576K
}

